This is pdfTeX, Version 3.141592653-2.6-1.40.24 (MiKTeX 22.7) (preloaded format=pdflatex 2022.10.2)  9 DEC 2022 08:18
entering extended mode
 restricted \write18 enabled.
 %&-line parsing enabled.
**./Modul9.tex
(Modul9.tex
LaTeX2e <2022-06-01> patch level 5
L3 programming layer <2022-07-04> (C:\MikTex\tex/latex/base\article.cls
Document Class: article 2021/10/04 v1.4n Standard LaTeX document class
(C:\MikTex\tex/latex/base\size10.clo
File: size10.clo 2021/10/04 v1.4n Standard LaTeX file (size option)
)
\c@part=\count185
\c@section=\count186
\c@subsection=\count187
\c@subsubsection=\count188
\c@paragraph=\count189
\c@subparagraph=\count190
\c@figure=\count191
\c@table=\count192
\abovecaptionskip=\skip47
\belowcaptionskip=\skip48
\bibindent=\dimen138
)
(C:\MikTex\tex/latex/fancyhdr\fancyhdr.sty
Package: fancyhdr 2022/05/18 v4.0.3 Extensive control of page headers and foote
rs
\f@nch@headwidth=\skip49
\f@nch@O@elh=\skip50
\f@nch@O@erh=\skip51
\f@nch@O@olh=\skip52
\f@nch@O@orh=\skip53
\f@nch@O@elf=\skip54
\f@nch@O@erf=\skip55
\f@nch@O@olf=\skip56
\f@nch@O@orf=\skip57
)
(C:\MikTex\tex/latex/titlesec\titlesec.sty
Package: titlesec 2021/07/05 v2.14 Sectioning titles
\ttl@box=\box51
\beforetitleunit=\skip58
\aftertitleunit=\skip59
\ttl@plus=\dimen139
\ttl@minus=\dimen140
\ttl@toksa=\toks16
\titlewidth=\dimen141
\titlewidthlast=\dimen142
\titlewidthfirst=\dimen143
)
(C:\MikTex\tex/latex/graphics\graphicx.sty
Package: graphicx 2021/09/16 v1.2d Enhanced LaTeX Graphics (DPC,SPQR)

(C:\MikTex\tex/latex/graphics\keyval.sty
Package: keyval 2022/05/29 v1.15 key=value parser (DPC)
\KV@toks@=\toks17
)
(C:\MikTex\tex/latex/graphics\graphics.sty
Package: graphics 2022/03/10 v1.4e Standard LaTeX Graphics (DPC,SPQR)

(C:\MikTex\tex/latex/graphics\trig.sty
Package: trig 2021/08/11 v1.11 sin cos tan (DPC)
)
(C:\MikTex\tex/latex/graphics-cfg\graphics.cfg
File: graphics.cfg 2016/06/04 v1.11 sample graphics configuration
)
Package graphics Info: Driver file: pdftex.def on input line 107.

(C:\MikTex\tex/latex/graphics-def\pdftex.def
File: pdftex.def 2020/10/05 v1.2a Graphics/color driver for pdftex
))
\Gin@req@height=\dimen144
\Gin@req@width=\dimen145
)
(C:\MikTex\tex/latex/multirow\multirow.sty
Package: multirow 2021/03/15 v2.8 Span multiple rows of a table
\multirow@colwidth=\skip60
\multirow@cntb=\count193
\multirow@dima=\skip61
\bigstrutjot=\dimen146
)
(C:\MikTex\tex/latex/geometry\geometry.sty
Package: geometry 2020/01/02 v5.9 Page Geometry

(C:\MikTex\tex/generic/iftex\ifvtex.sty
Package: ifvtex 2019/10/25 v1.7 ifvtex legacy package. Use iftex instead.
 (C:\MikTex\tex/generic/iftex\iftex.sty
Package: iftex 2022/02/03 v1.0f TeX engine tests
))
\Gm@cnth=\count194
\Gm@cntv=\count195
\c@Gm@tempcnt=\count196
\Gm@bindingoffset=\dimen147
\Gm@wd@mp=\dimen148
\Gm@odd@mp=\dimen149
\Gm@even@mp=\dimen150
\Gm@layoutwidth=\dimen151
\Gm@layoutheight=\dimen152
\Gm@layouthoffset=\dimen153
\Gm@layoutvoffset=\dimen154
\Gm@dimlist=\toks18
 (C:\MikTex\tex/latex/geometry\geometry.cfg))
(C:\MikTex\tex/latex/hyperref\hyperref.sty
Package: hyperref 2022-06-20 v7.00s Hypertext links for LaTeX

(C:\MikTex\tex/generic/ltxcmds\ltxcmds.sty
Package: ltxcmds 2020-05-10 v1.25 LaTeX kernel commands for general use (HO)
)
(C:\MikTex\tex/generic/pdftexcmds\pdftexcmds.sty
Package: pdftexcmds 2020-06-27 v0.33 Utility functions of pdfTeX for LuaTeX (HO
)

(C:\MikTex\tex/generic/infwarerr\infwarerr.sty
Package: infwarerr 2019/12/03 v1.5 Providing info/warning/error messages (HO)
)
Package pdftexcmds Info: \pdf@primitive is available.
Package pdftexcmds Info: \pdf@ifprimitive is available.
Package pdftexcmds Info: \pdfdraftmode found.
)
(C:\MikTex\tex/latex/kvsetkeys\kvsetkeys.sty
Package: kvsetkeys 2022-10-05 v1.19 Key value parser (HO)
)
(C:\MikTex\tex/generic/kvdefinekeys\kvdefinekeys.sty
Package: kvdefinekeys 2019-12-19 v1.6 Define keys (HO)
)
(C:\MikTex\tex/generic/pdfescape\pdfescape.sty
Package: pdfescape 2019/12/09 v1.15 Implements pdfTeX's escape features (HO)
)
(C:\MikTex\tex/latex/hycolor\hycolor.sty
Package: hycolor 2020-01-27 v1.10 Color options for hyperref/bookmark (HO)
)
(C:\MikTex\tex/latex/letltxmacro\letltxmacro.sty
Package: letltxmacro 2019/12/03 v1.6 Let assignment for LaTeX macros (HO)
)
(C:\MikTex\tex/latex/auxhook\auxhook.sty
Package: auxhook 2019-12-17 v1.6 Hooks for auxiliary files (HO)
)
(C:\MikTex\tex/latex/hyperref\nameref.sty
Package: nameref 2022-05-17 v2.50 Cross-referencing by name of section

(C:\MikTex\tex/latex/refcount\refcount.sty
Package: refcount 2019/12/15 v3.6 Data extraction from label references (HO)
)
(C:\MikTex\tex/generic/gettitlestring\gettitlestring.sty
Package: gettitlestring 2019/12/15 v1.6 Cleanup title references (HO)

(C:\MikTex\tex/latex/kvoptions\kvoptions.sty
Package: kvoptions 2022-06-15 v3.15 Key value format for package options (HO)
))
\c@section@level=\count197
)
\@linkdim=\dimen155
\Hy@linkcounter=\count198
\Hy@pagecounter=\count199

(C:\MikTex\tex/latex/hyperref\pd1enc.def
File: pd1enc.def 2022-06-20 v7.00s Hyperref: PDFDocEncoding definition (HO)
Now handling font encoding PD1 ...
... no UTF-8 mapping file for font encoding PD1
)
(C:\MikTex\tex/generic/intcalc\intcalc.sty
Package: intcalc 2019/12/15 v1.3 Expandable calculations with integers (HO)
)
(C:\MikTex\tex/generic/etexcmds\etexcmds.sty
Package: etexcmds 2019/12/15 v1.7 Avoid name clashes with e-TeX commands (HO)
)
\Hy@SavedSpaceFactor=\count266

(C:\MikTex\tex/latex/hyperref\puenc.def
File: puenc.def 2022-06-20 v7.00s Hyperref: PDF Unicode definition (HO)
Now handling font encoding PU ...
... no UTF-8 mapping file for font encoding PU
)
Package hyperref Info: Hyper figures OFF on input line 4162.
Package hyperref Info: Link nesting OFF on input line 4167.
Package hyperref Info: Hyper index ON on input line 4170.
Package hyperref Info: Plain pages OFF on input line 4177.
Package hyperref Info: Backreferencing OFF on input line 4182.
Package hyperref Info: Implicit mode ON; LaTeX internals redefined.
Package hyperref Info: Bookmarks ON on input line 4408.
\c@Hy@tempcnt=\count267
 (C:\MikTex\tex/latex/url\url.sty
\Urlmuskip=\muskip16
Package: url 2013/09/16  ver 3.4  Verb mode for urls, etc.
)
LaTeX Info: Redefining \url on input line 4746.
\XeTeXLinkMargin=\dimen156

(C:\MikTex\tex/generic/bitset\bitset.sty
Package: bitset 2019/12/09 v1.3 Handle bit-vector datatype (HO)

(C:\MikTex\tex/generic/bigintcalc\bigintcalc.sty
Package: bigintcalc 2019/12/15 v1.5 Expandable calculations on big integers (HO
)
))
\Fld@menulength=\count268
\Field@Width=\dimen157
\Fld@charsize=\dimen158
Package hyperref Info: Hyper figures OFF on input line 6024.
Package hyperref Info: Link nesting OFF on input line 6029.
Package hyperref Info: Hyper index ON on input line 6032.
Package hyperref Info: backreferencing OFF on input line 6039.
Package hyperref Info: Link coloring OFF on input line 6044.
Package hyperref Info: Link coloring with OCG OFF on input line 6049.
Package hyperref Info: PDF/A mode OFF on input line 6054.

(C:\MikTex\tex/latex/base\atbegshi-ltx.sty
Package: atbegshi-ltx 2021/01/10 v1.0c Emulation of the original atbegshi
package with kernel methods
)
\Hy@abspage=\count269
\c@Item=\count270
\c@Hfootnote=\count271
)
Package hyperref Info: Driver (autodetected): hpdftex.

(C:\MikTex\tex/latex/hyperref\hpdftex.def
File: hpdftex.def 2022-06-20 v7.00s Hyperref driver for pdfTeX

(C:\MikTex\tex/latex/base\atveryend-ltx.sty
Package: atveryend-ltx 2020/08/19 v1.0a Emulation of the original atveryend pac
kage
with kernel methods
)
\Fld@listcount=\count272
\c@bookmark@seq@number=\count273

(C:\MikTex\tex/latex/rerunfilecheck\rerunfilecheck.sty
Package: rerunfilecheck 2022-07-10 v1.10 Rerun checks for auxiliary files (HO)

(C:\MikTex\tex/generic/uniquecounter\uniquecounter.sty
Package: uniquecounter 2019/12/15 v1.4 Provide unlimited unique counter (HO)
)
Package uniquecounter Info: New unique counter `rerunfilecheck' on input line 2
85.
)
\Hy@SectionHShift=\skip62
)
Package hyperref Info: Option `colorlinks' set `true' on input line 16.

(C:\MikTex\tex/latex/l3backend\l3backend-pdftex.def
File: l3backend-pdftex.def 2022-07-01 L3 backend support: PDF output (pdfTeX)
\l__color_backend_stack_int=\count274
\l__pdf_internal_box=\box52
) (Modul9.aux)
\openout1 = `Modul9.aux'.

LaTeX Font Info:    Checking defaults for OML/cmm/m/it on input line 28.
LaTeX Font Info:    ... okay on input line 28.
LaTeX Font Info:    Checking defaults for OMS/cmsy/m/n on input line 28.
LaTeX Font Info:    ... okay on input line 28.
LaTeX Font Info:    Checking defaults for OT1/cmr/m/n on input line 28.
LaTeX Font Info:    ... okay on input line 28.
LaTeX Font Info:    Checking defaults for T1/cmr/m/n on input line 28.
LaTeX Font Info:    ... okay on input line 28.
LaTeX Font Info:    Checking defaults for TS1/cmr/m/n on input line 28.
LaTeX Font Info:    ... okay on input line 28.
LaTeX Font Info:    Checking defaults for OMX/cmex/m/n on input line 28.
LaTeX Font Info:    ... okay on input line 28.
LaTeX Font Info:    Checking defaults for U/cmr/m/n on input line 28.
LaTeX Font Info:    ... okay on input line 28.
LaTeX Font Info:    Checking defaults for PD1/pdf/m/n on input line 28.
LaTeX Font Info:    ... okay on input line 28.
LaTeX Font Info:    Checking defaults for PU/pdf/m/n on input line 28.
LaTeX Font Info:    ... okay on input line 28.

(C:\MikTex\tex/context/base/mkii\supp-pdf.mkii
[Loading MPS to PDF converter (version 2006.09.02).]
\scratchcounter=\count275
\scratchdimen=\dimen159
\scratchbox=\box53
\nofMPsegments=\count276
\nofMParguments=\count277
\everyMPshowfont=\toks19
\MPscratchCnt=\count278
\MPscratchDim=\dimen160
\MPnumerator=\count279
\makeMPintoPDFobject=\count280
\everyMPtoPDFconversion=\toks20
) (C:\MikTex\tex/latex/epstopdf-pkg\epstopdf-base.sty
Package: epstopdf-base 2020-01-24 v2.11 Base part for package epstopdf
Package epstopdf-base Info: Redefining graphics rule for `.eps' on input line 4
85.

(C:\MikTex\tex/latex/00miktex\epstopdf-sys.cfg
File: epstopdf-sys.cfg 2021/03/18 v2.0 Configuration of epstopdf for MiKTeX
))
*geometry* driver: auto-detecting
*geometry* detected driver: pdftex
*geometry* verbose mode - [ preamble ] result:
* driver: pdftex
* paper: a4paper
* layout: <same size as paper>
* layoutoffset:(h,v)=(0.0pt,0.0pt)
* modes: 
* h-part:(L,W,R)=(81.94394pt, 433.62pt, 81.94394pt)
* v-part:(T,H,B)=(106.75473pt, 578.15999pt, 160.13213pt)
* \paperwidth=597.50787pt
* \paperheight=845.04684pt
* \textwidth=433.62pt
* \textheight=578.15999pt
* \oddsidemargin=9.67395pt
* \evensidemargin=9.67395pt
* \topmargin=-2.51526pt
* \headheight=12.0pt
* \headsep=25.0pt
* \topskip=10.0pt
* \footskip=30.0pt
* \marginparwidth=65.0pt
* \marginparsep=11.0pt
* \columnsep=10.0pt
* \skip\footins=9.0pt plus 4.0pt minus 2.0pt
* \hoffset=0.0pt
* \voffset=0.0pt
* \mag=1000
* \@twocolumnfalse
* \@twosidefalse
* \@mparswitchfalse
* \@reversemarginfalse
* (1in=72.27pt=25.4mm, 1cm=28.453pt)

(C:\MikTex\tex/latex/graphics\color.sty
Package: color 2022/01/06 v1.3d Standard LaTeX Color (DPC)

(C:\MikTex\tex/latex/graphics-cfg\color.cfg
File: color.cfg 2016/01/02 v1.6 sample color configuration
)
Package color Info: Driver file: pdftex.def on input line 149.

(C:\MikTex\tex/latex-dev/graphics\mathcolor.ltx))
Package hyperref Info: Link coloring ON on input line 28.
 (Modul9.out) (Modul9.out)
\@outlinefile=\write3
\openout3 = `Modul9.out'.


Underfull \hbox (badness 10000) in paragraph at lines 36--41

 []


Underfull \hbox (badness 10000) in paragraph at lines 56--58

 []

<Screenshot1.png, id=4, 1028.34187pt x 578.16pt>
File: Screenshot1.png Graphic file (type png)
<use Screenshot1.png>
Package pdftex.def Info: Screenshot1.png  used on input line 75.
(pdftex.def)             Requested size: 308.50494pt x 173.44933pt.
<Screenshot1.2.png, id=6, 557.83406pt x 356.0803pt>
File: Screenshot1.2.png Graphic file (type png)
<use Screenshot1.2.png>
Package pdftex.def Info: Screenshot1.2.png  used on input line 76.
(pdftex.def)             Requested size: 223.12967pt x 142.4296pt.
[1{C:/Users/alghi/AppData/Local/MiKTeX/fonts/map/pdftex/pdftex.map}

 <./Screenshot1.png>]
<Capture2.1.png, id=21, 484.81125pt x 220.57407pt>
File: Capture2.1.png Graphic file (type png)
<use Capture2.1.png>
Package pdftex.def Info: Capture2.1.png  used on input line 82.
(pdftex.def)             Requested size: 290.88899pt x 132.34544pt.
<Capture.png, id=22, 238.64156pt x 187.45032pt>
File: Capture.png Graphic file (type png)
<use Capture.png>
Package pdftex.def Info: Capture.png  used on input line 83.
(pdftex.def)             Requested size: 190.91348pt x 149.96043pt.
<Screenshot (253).png, id=23, 383.93437pt x 303.38344pt>
File: Screenshot (253).png Graphic file (type png)
<use Screenshot (253).png>
Package pdftex.def Info: Screenshot (253).png  used on input line 89.
(pdftex.def)             Requested size: 268.75221pt x 212.36694pt.
 [2 <./Screenshot1.2.png> <./Capture2.1.png> <./Capture.png>]
<Screenshot (254).png, id=30, 380.92313pt x 298.11375pt>
File: Screenshot (254).png Graphic file (type png)
<use Screenshot (254).png>
Package pdftex.def Info: Screenshot (254).png  used on input line 95.
(pdftex.def)             Requested size: 266.64436pt x 208.67819pt.
<Screenshot (255).png, id=31, 381.67593pt x 296.60812pt>
File: Screenshot (255).png Graphic file (type png)
<use Screenshot (255).png>
Package pdftex.def Info: Screenshot (255).png  used on input line 101.
(pdftex.def)             Requested size: 267.17133pt x 207.62427pt.
 [3 <./Screenshot (253).png> <./Screenshot (254).png>]
<Screenshot (256).png, id=38, 377.91188pt x 297.36093pt>
File: Screenshot (256).png Graphic file (type png)
<use Screenshot (256).png>
Package pdftex.def Info: Screenshot (256).png  used on input line 107.
(pdftex.def)             Requested size: 264.5365pt x 208.15123pt.
<Screenshot (257).png, id=39, 379.4175pt x 298.86656pt>
File: Screenshot (257).png Graphic file (type png)
<use Screenshot (257).png>
Package pdftex.def Info: Screenshot (257).png  used on input line 108.
(pdftex.def)             Requested size: 265.59042pt x 209.20515pt.
 [4 <./Screenshot (255).png> <./Screenshot (256).png>]
<Screenshot (258).png, id=46, 385.44pt x 295.85532pt>
File: Screenshot (258).png Graphic file (type png)
<use Screenshot (258).png>
Package pdftex.def Info: Screenshot (258).png  used on input line 109.
(pdftex.def)             Requested size: 269.80615pt x 207.0973pt.
<vbox.png, id=47, 1371.1225pt x 770.88pt>
File: vbox.png Graphic file (type png)
<use vbox.png>
Package pdftex.def Info: vbox.png  used on input line 114.
(pdftex.def)             Requested size: 411.33992pt x 231.26578pt.

Overfull \hbox (2.71996pt too wide) in paragraph at lines 114--114
[][]  
 []

[5 <./Screenshot (257).png> <./Screenshot (258).png>]
<routerOS.png, id=55, 856.70062pt x 491.58656pt>
File: routerOS.png Graphic file (type png)
<use routerOS.png>
Package pdftex.def Info: routerOS.png  used on input line 120.
(pdftex.def)             Requested size: 257.01216pt x 147.4771pt.
<routerOS2.png, id=56, 761.09344pt x 325.96782pt>
File: routerOS2.png Graphic file (type png)
<use routerOS2.png>
Package pdftex.def Info: routerOS2.png  used on input line 125.
(pdftex.def)             Requested size: 228.32979pt x 97.79109pt.
 [6 <./vbox.png> <./routerOS.png> <./routerOS2.png>]
<virtualbox.png, id=63, 303.38344pt x 174.6525pt>
File: virtualbox.png Graphic file (type png)
<use virtualbox.png>
Package pdftex.def Info: virtualbox.png  used on input line 144.
(pdftex.def)             Requested size: 182.03146pt x 104.7923pt.
<(2).png, id=64, 314.67563pt x 296.60812pt>
File: (2).png Graphic file (type png)
<use (2).png>
Package pdftex.def Info: (2).png  used on input line 149.
(pdftex.def)             Requested size: 188.80682pt x 177.96623pt.
<(3).png, id=65, 317.68687pt x 299.61937pt>
File: (3).png Graphic file (type png)
<use (3).png>
Package pdftex.def Info: (3).png  used on input line 154.
(pdftex.def)             Requested size: 190.61359pt x 179.77301pt.
 [7 <./virtualbox.png> <./(2).png>]
<(4).png, id=73, 318.43968pt x 295.85532pt>
File: (4).png Graphic file (type png)
<use (4).png>
Package pdftex.def Info: (4).png  used on input line 159.
(pdftex.def)             Requested size: 191.06528pt x 177.51454pt.
<(5).png, id=74, 330.48468pt x 350.05782pt>
File: (5).png Graphic file (type png)
<use (5).png>
Package pdftex.def Info: (5).png  used on input line 160.
(pdftex.def)             Requested size: 198.29233pt x 210.0363pt.
 [8 <./(3).png> <./(4).png>]
<(6).png, id=81, 330.48468pt x 349.305pt>
File: (6).png Graphic file (type png)
<use (6).png>
Package pdftex.def Info: (6).png  used on input line 161.
(pdftex.def)             Requested size: 198.29233pt x 209.58461pt.
 [9 <./(5).png> <./(6).png>]
<(7).png, id=88, 329.73187pt x 348.55219pt>
File: (7).png Graphic file (type png)
<use (7).png>
Package pdftex.def Info: (7).png  used on input line 167.
(pdftex.def)             Requested size: 197.84064pt x 209.1329pt.
<terakhir.png, id=89, 387.69844pt x 253.69781pt>
File: terakhir.png Graphic file (type png)
<use terakhir.png>
Package pdftex.def Info: terakhir.png  used on input line 172.
(pdftex.def)             Requested size: 232.62085pt x 152.21985pt.
<(a).png, id=90, 405.01312pt x 307.1475pt>
File: (a).png Graphic file (type png)
<use (a).png>
Package pdftex.def Info: (a).png  used on input line 183.
(pdftex.def)             Requested size: 243.00974pt x 184.28992pt.
 [10 <./(7).png> <./terakhir.png>]
<(b).png, id=97, 492.33937pt x 402.00188pt>
File: (b).png Graphic file (type png)
<use (b).png>
Package pdftex.def Info: (b).png  used on input line 188.
(pdftex.def)             Requested size: 295.40588pt x 241.20297pt.
<(c).png, id=98, 496.85625pt x 405.01312pt>
File: (c).png Graphic file (type png)
<use (c).png>
Package pdftex.def Info: (c).png  used on input line 189.
(pdftex.def)             Requested size: 298.11604pt x 243.00974pt.

[11 <./(a).png> <./(b).png>]
<(d).png, id=105, 506.6428pt x 357.58594pt>
File: (d).png Graphic file (type png)
<use (d).png>
Package pdftex.def Info: (d).png  used on input line 194.
(pdftex.def)             Requested size: 303.98802pt x 214.5532pt.
<(c.1).png, id=106, 490.83376pt x 402.00188pt>
File: (c.1).png Graphic file (type png)
<use (c.1).png>
Package pdftex.def Info: (c.1).png  used on input line 199.
(pdftex.def)             Requested size: 294.50252pt x 241.20297pt.
 [12 <./(c).png> <./(d).png>]
<(e).png, id=113, 490.83376pt x 403.5075pt>
File: (e).png Graphic file (type png)
<use (e).png>
Package pdftex.def Info: (e).png  used on input line 204.
(pdftex.def)             Requested size: 294.50252pt x 242.10637pt.
<(e)true.png, id=114, 490.83376pt x 401.24907pt>
File: (e)true.png Graphic file (type png)
<use (e)true.png>
Package pdftex.def Info: (e)true.png  used on input line 209.
(pdftex.def)             Requested size: 294.50252pt x 240.75128pt.
 [13 <./(c.1).png> <./(e).png>] [14 <./(e)true.png>] (Modul9.aux)
Package rerunfilecheck Info: File `Modul9.out' has not changed.
(rerunfilecheck)             Checksum: D41D8CD98F00B204E9800998ECF8427E;0.
 ) 
Here is how much of TeX's memory you used:
 9490 strings out of 478338
 148056 string characters out of 2853115
 460484 words of memory out of 3000000
 27795 multiletter control sequences out of 15000+600000
 471117 words of font info for 34 fonts, out of 8000000 for 9000
 1141 hyphenation exceptions out of 8191
 72i,12n,77p,246b,634s stack positions out of 10000i,1000n,20000p,200000b,80000s
 <C:\Users\alghi\AppData\Local\MiKTeX\fonts/pk/ljfour/jknappen/ec/dpi600\tcrm
1000.pk><C:/MikTex/fonts/type1/public/amsfonts/cm/cmbx10.pfb><C:/MikTex/fonts/t
ype1/public/amsfonts/cm/cmbx8.pfb><C:/MikTex/fonts/type1/public/amsfonts/cm/cmb
x9.pfb><C:/MikTex/fonts/type1/public/amsfonts/cm/cmr10.pfb><C:/MikTex/fonts/typ
e1/public/amsfonts/cm/cmr8.pfb>
Output written on Modul9.pdf (14 pages, 1383268 bytes).
PDF statistics:
 161 PDF objects out of 1000 (max. 8388607)
 18 named destinations out of 1000 (max. 500000)
 141 words of extra memory for PDF output out of 10000 (max. 10000000)

